<?xml version="1.0" encoding="UTF-8"?>
<!-- Generated by org.testng.reporters.JUnitReportReporter -->
<testsuite hostname="LAPTOP-27VERJ63" failures="0" tests="1" name="com.inetBanking.testCases.Test3" time="0.000" errors="0" timestamp="2022-05-20T13:19:37 IST" skipped="1">
  <testcase classname="com.inetBanking.testCases.Test3" name="loginDDT" time="0.000">
    <skipped/>
  </testcase> <!-- loginDDT -->
  <system-out/>
</testsuite> <!-- com.inetBanking.testCases.Test3 -->
