<?xml version="1.0" encoding="UTF-8"?>
<!-- Generated by org.testng.reporters.JUnitReportReporter -->
<testsuite hostname="LAPTOP-27VERJ63" failures="0" tests="1" name="com.inetBanking.testCases.TC_LoginTest_001" time="6.734" errors="0" timestamp="22 May 2022 09:00:53 GMT" skipped="0">
  <testcase classname="com.inetBanking.testCases.TC_LoginTest_001" name="loginTest" time="6.734"/>
</testsuite> <!-- com.inetBanking.testCases.TC_LoginTest_001 -->
